[handleMsg]:  {
  key: {
    remoteJid: '59160793960@s.whatsapp.net',
    fromMe: false,
    id: '145F1F3EFD7266AC377ACCAC1268A5AD',
    participant: undefined
  },
  messageTimestamp: 1694546955,
  pushName: 'Angy Encinas',
  broadcast: false,
  message: Message {
    conversation: 'Hola',
    messageContextInfo: MessageContextInfo {
      deviceListMetadata: [DeviceListMetadata],
      deviceListMetadataVersion: 2
    }
  },
  body: 'Hola',
  from: '59160793960'
}
[sendQueue_A]:  {
  ref: 'ans_1fe40095-0791-405c-8093-dbf459cc0bab',
  keyword: 'key_4482b1db-69f4-416d-bd88-8de564bd66c9',
  answer: '¡Hola! 😊 Gracias por contactarte con PrestoYa.💸 Estamos recibiendo una alta demanda de mensajes en este momento, *por lo que te pedimos paciencia.*⚠️',
  options: {
    media: null,
    buttons: [],
    capture: false,
    child: null,
    delay: 0,
    nested: [],
    keyword: {},
    callback: false
  },
  refSerialize: 'fdf1d40e5802ef184962d875709df602'
}
[sendProviderAndSave]:  {
  ref: 'ans_1fe40095-0791-405c-8093-dbf459cc0bab',
  keyword: 'key_4482b1db-69f4-416d-bd88-8de564bd66c9',
  answer: '¡Hola! 😊 Gracias por contactarte con PrestoYa.💸 Estamos recibiendo una alta demanda de mensajes en este momento, *por lo que te pedimos paciencia.*⚠️',
  options: {
    media: null,
    buttons: [],
    capture: false,
    child: null,
    delay: 0,
    nested: [],
    keyword: {},
    callback: false
  },
  refSerialize: 'fdf1d40e5802ef184962d875709df602'
}
[providerClass.sendMessage]:  {
  ref: 'ans_1fe40095-0791-405c-8093-dbf459cc0bab',
  keyword: 'key_4482b1db-69f4-416d-bd88-8de564bd66c9',
  answer: '¡Hola! 😊 Gracias por contactarte con PrestoYa.💸 Estamos recibiendo una alta demanda de mensajes en este momento, *por lo que te pedimos paciencia.*⚠️',
  options: {
    media: null,
    buttons: [],
    capture: false,
    child: null,
    delay: 0,
    nested: [],
    keyword: {},
    callback: false
  },
  refSerialize: 'fdf1d40e5802ef184962d875709df602'
}
[databaseClass.save]:  {
  ref: 'ans_1fe40095-0791-405c-8093-dbf459cc0bab',
  keyword: 'key_4482b1db-69f4-416d-bd88-8de564bd66c9',
  answer: '¡Hola! 😊 Gracias por contactarte con PrestoYa.💸 Estamos recibiendo una alta demanda de mensajes en este momento, *por lo que te pedimos paciencia.*⚠️',
  options: {
    media: null,
    buttons: [],
    capture: false,
    child: null,
    delay: 0,
    nested: [],
    keyword: {},
    callback: false
  },
  refSerialize: 'fdf1d40e5802ef184962d875709df602'
}
[QUEUE_SE_ENVIO]:  {
  ref: 'ans_1fe40095-0791-405c-8093-dbf459cc0bab',
  keyword: 'key_4482b1db-69f4-416d-bd88-8de564bd66c9',
  answer: '¡Hola! 😊 Gracias por contactarte con PrestoYa.💸 Estamos recibiendo una alta demanda de mensajes en este momento, *por lo que te pedimos paciencia.*⚠️',
  options: {
    media: null,
    buttons: [],
    capture: false,
    child: null,
    delay: 0,
    nested: [],
    keyword: {},
    callback: false
  },
  refSerialize: 'fdf1d40e5802ef184962d875709df602'
}
[sendQueue_A]:  {
  ref: 'ans_e4ad180f-521b-4e3b-96bc-cde1f6c46dba',
  keyword: 'ans_1fe40095-0791-405c-8093-dbf459cc0bab',
  answer: 'Queremos informarte que en PrestoYa realizamos microprestamos *desde 100 bs hasta 14000 bs*,🤑 con plazos flexibles que van desde *1 día hasta 2 años*.',
  options: {
    media: null,
    buttons: [],
    capture: false,
    child: null,
    delay: 0,
    nested: [],
    keyword: {},
    callback: false
  },
  refSerialize: '15e35a04880ee79bc8bb4fc74a08c525'
}
[sendProviderAndSave]:  {
  ref: 'ans_e4ad180f-521b-4e3b-96bc-cde1f6c46dba',
  keyword: 'ans_1fe40095-0791-405c-8093-dbf459cc0bab',
  answer: 'Queremos informarte que en PrestoYa realizamos microprestamos *desde 100 bs hasta 14000 bs*,🤑 con plazos flexibles que van desde *1 día hasta 2 años*.',
  options: {
    media: null,
    buttons: [],
    capture: false,
    child: null,
    delay: 0,
    nested: [],
    keyword: {},
    callback: false
  },
  refSerialize: '15e35a04880ee79bc8bb4fc74a08c525'
}
[providerClass.sendMessage]:  {
  ref: 'ans_e4ad180f-521b-4e3b-96bc-cde1f6c46dba',
  keyword: 'ans_1fe40095-0791-405c-8093-dbf459cc0bab',
  answer: 'Queremos informarte que en PrestoYa realizamos microprestamos *desde 100 bs hasta 14000 bs*,🤑 con plazos flexibles que van desde *1 día hasta 2 años*.',
  options: {
    media: null,
    buttons: [],
    capture: false,
    child: null,
    delay: 0,
    nested: [],
    keyword: {},
    callback: false
  },
  refSerialize: '15e35a04880ee79bc8bb4fc74a08c525'
}
[databaseClass.save]:  {
  ref: 'ans_e4ad180f-521b-4e3b-96bc-cde1f6c46dba',
  keyword: 'ans_1fe40095-0791-405c-8093-dbf459cc0bab',
  answer: 'Queremos informarte que en PrestoYa realizamos microprestamos *desde 100 bs hasta 14000 bs*,🤑 con plazos flexibles que van desde *1 día hasta 2 años*.',
  options: {
    media: null,
    buttons: [],
    capture: false,
    child: null,
    delay: 0,
    nested: [],
    keyword: {},
    callback: false
  },
  refSerialize: '15e35a04880ee79bc8bb4fc74a08c525'
}
[QUEUE_SE_ENVIO]:  {
  ref: 'ans_e4ad180f-521b-4e3b-96bc-cde1f6c46dba',
  keyword: 'ans_1fe40095-0791-405c-8093-dbf459cc0bab',
  answer: 'Queremos informarte que en PrestoYa realizamos microprestamos *desde 100 bs hasta 14000 bs*,🤑 con plazos flexibles que van desde *1 día hasta 2 años*.',
  options: {
    media: null,
    buttons: [],
    capture: false,
    child: null,
    delay: 0,
    nested: [],
    keyword: {},
    callback: false
  },
  refSerialize: '15e35a04880ee79bc8bb4fc74a08c525'
}
[sendQueue_A]:  {
  ref: 'ans_c36bfe47-8997-4139-9548-a995a8280ee6',
  keyword: 'ans_e4ad180f-521b-4e3b-96bc-cde1f6c46dba',
  answer: 'El *UNICO REQUISITO* que solicitamos es *contar con una garantía* que supere el monto a ser prestado. Actualmente, nos encontramos en *Cochabamba*',
  options: {
    media: null,
    buttons: [],
    capture: false,
    child: null,
    delay: 0,
    nested: [],
    keyword: {},
    callback: false
  },
  refSerialize: '72478149f36d8bf24abe3b8f212326c6'
}
[sendProviderAndSave]:  {
  ref: 'ans_c36bfe47-8997-4139-9548-a995a8280ee6',
  keyword: 'ans_e4ad180f-521b-4e3b-96bc-cde1f6c46dba',
  answer: 'El *UNICO REQUISITO* que solicitamos es *contar con una garantía* que supere el monto a ser prestado. Actualmente, nos encontramos en *Cochabamba*',
  options: {
    media: null,
    buttons: [],
    capture: false,
    child: null,
    delay: 0,
    nested: [],
    keyword: {},
    callback: false
  },
  refSerialize: '72478149f36d8bf24abe3b8f212326c6'
}
[providerClass.sendMessage]:  {
  ref: 'ans_c36bfe47-8997-4139-9548-a995a8280ee6',
  keyword: 'ans_e4ad180f-521b-4e3b-96bc-cde1f6c46dba',
  answer: 'El *UNICO REQUISITO* que solicitamos es *contar con una garantía* que supere el monto a ser prestado. Actualmente, nos encontramos en *Cochabamba*',
  options: {
    media: null,
    buttons: [],
    capture: false,
    child: null,
    delay: 0,
    nested: [],
    keyword: {},
    callback: false
  },
  refSerialize: '72478149f36d8bf24abe3b8f212326c6'
}
[databaseClass.save]:  {
  ref: 'ans_c36bfe47-8997-4139-9548-a995a8280ee6',
  keyword: 'ans_e4ad180f-521b-4e3b-96bc-cde1f6c46dba',
  answer: 'El *UNICO REQUISITO* que solicitamos es *contar con una garantía* que supere el monto a ser prestado. Actualmente, nos encontramos en *Cochabamba*',
  options: {
    media: null,
    buttons: [],
    capture: false,
    child: null,
    delay: 0,
    nested: [],
    keyword: {},
    callback: false
  },
  refSerialize: '72478149f36d8bf24abe3b8f212326c6'
}
[QUEUE_SE_ENVIO]:  {
  ref: 'ans_c36bfe47-8997-4139-9548-a995a8280ee6',
  keyword: 'ans_e4ad180f-521b-4e3b-96bc-cde1f6c46dba',
  answer: 'El *UNICO REQUISITO* que solicitamos es *contar con una garantía* que supere el monto a ser prestado. Actualmente, nos encontramos en *Cochabamba*',
  options: {
    media: null,
    buttons: [],
    capture: false,
    child: null,
    delay: 0,
    nested: [],
    keyword: {},
    callback: false
  },
  refSerialize: '72478149f36d8bf24abe3b8f212326c6'
}
[sendQueue_A]:  {
  ref: 'ans_a72770cd-7777-40f1-ad00-4293aa7d1bb3',
  keyword: 'ans_c36bfe47-8997-4139-9548-a995a8280ee6',
  answer: 'Ahora atenderemos tu solicitud\n¿Cuál es tu nombre?',
  options: {
    media: null,
    buttons: [],
    capture: true,
    child: null,
    delay: 0,
    nested: [],
    keyword: {},
    callback: true
  },
  refSerialize: 'eb42d0d2b844a396684cc31dde222643'
}
[sendProviderAndSave]:  {
  ref: 'ans_a72770cd-7777-40f1-ad00-4293aa7d1bb3',
  keyword: 'ans_c36bfe47-8997-4139-9548-a995a8280ee6',
  answer: 'Ahora atenderemos tu solicitud\n¿Cuál es tu nombre?',
  options: {
    media: null,
    buttons: [],
    capture: true,
    child: null,
    delay: 0,
    nested: [],
    keyword: {},
    callback: true
  },
  refSerialize: 'eb42d0d2b844a396684cc31dde222643'
}
[providerClass.sendMessage]:  {
  ref: 'ans_a72770cd-7777-40f1-ad00-4293aa7d1bb3',
  keyword: 'ans_c36bfe47-8997-4139-9548-a995a8280ee6',
  answer: 'Ahora atenderemos tu solicitud\n¿Cuál es tu nombre?',
  options: {
    media: null,
    buttons: [],
    capture: true,
    child: null,
    delay: 0,
    nested: [],
    keyword: {},
    callback: true
  },
  refSerialize: 'eb42d0d2b844a396684cc31dde222643'
}
[databaseClass.save]:  {
  ref: 'ans_a72770cd-7777-40f1-ad00-4293aa7d1bb3',
  keyword: 'ans_c36bfe47-8997-4139-9548-a995a8280ee6',
  answer: 'Ahora atenderemos tu solicitud\n¿Cuál es tu nombre?',
  options: {
    media: null,
    buttons: [],
    capture: true,
    child: null,
    delay: 0,
    nested: [],
    keyword: {},
    callback: true
  },
  refSerialize: 'eb42d0d2b844a396684cc31dde222643'
}
[QUEUE_SE_ENVIO]:  {
  ref: 'ans_a72770cd-7777-40f1-ad00-4293aa7d1bb3',
  keyword: 'ans_c36bfe47-8997-4139-9548-a995a8280ee6',
  answer: 'Ahora atenderemos tu solicitud\n¿Cuál es tu nombre?',
  options: {
    media: null,
    buttons: [],
    capture: true,
    child: null,
    delay: 0,
    nested: [],
    keyword: {},
    callback: true
  },
  refSerialize: 'eb42d0d2b844a396684cc31dde222643'
}
[handleMsg]:  {
  key: {
    remoteJid: '59160793960@s.whatsapp.net',
    fromMe: false,
    id: '5AAC54358381D70AE222350F8A87DDA2',
    participant: undefined
  },
  messageTimestamp: 1694546958,
  pushName: 'Angy Encinas',
  broadcast: false,
  message: Message {
    conversation: 'A',
    messageContextInfo: MessageContextInfo {
      deviceListMetadata: [DeviceListMetadata],
      deviceListMetadataVersion: 2
    }
  },
  body: 'A',
  from: '59160793960'
}
[sendProviderAndSave]:  {
  ref: '18443cd7-aaed-4331-a55c-66a83120f2b6',
  keyword: undefined,
  answer: 'Encantado *A*, comencemos...',
  options: { media: null, buttons: [], capture: false, delay: 0 },
  from: '59160793960',
  refSerialize: '50d4d7b3ebe79586807d7b431f93c187'
}
[providerClass.sendMessage]:  {
  ref: '18443cd7-aaed-4331-a55c-66a83120f2b6',
  keyword: undefined,
  answer: 'Encantado *A*, comencemos...',
  options: { media: null, buttons: [], capture: false, delay: 0 },
  from: '59160793960',
  refSerialize: '50d4d7b3ebe79586807d7b431f93c187'
}
[databaseClass.save]:  {
  ref: '18443cd7-aaed-4331-a55c-66a83120f2b6',
  keyword: undefined,
  answer: 'Encantado *A*, comencemos...',
  options: { media: null, buttons: [], capture: false, delay: 0 },
  from: '59160793960',
  refSerialize: '50d4d7b3ebe79586807d7b431f93c187'
}
[sendQueue_A]:  {
  ref: 'ans_87180267-008e-4942-b5df-f26be941aea7',
  keyword: 'ans_a72770cd-7777-40f1-ad00-4293aa7d1bb3',
  answer: '¿Cuál es el monto que deseas solicitar?',
  options: {
    media: null,
    buttons: [],
    capture: true,
    child: null,
    delay: 0,
    nested: [],
    keyword: {},
    callback: true
  },
  refSerialize: '4ed682f27acde8c7e2c478cdf23e5a87'
}
[sendProviderAndSave]:  {
  ref: 'ans_87180267-008e-4942-b5df-f26be941aea7',
  keyword: 'ans_a72770cd-7777-40f1-ad00-4293aa7d1bb3',
  answer: '¿Cuál es el monto que deseas solicitar?',
  options: {
    media: null,
    buttons: [],
    capture: true,
    child: null,
    delay: 0,
    nested: [],
    keyword: {},
    callback: true
  },
  refSerialize: '4ed682f27acde8c7e2c478cdf23e5a87'
}
[providerClass.sendMessage]:  {
  ref: 'ans_87180267-008e-4942-b5df-f26be941aea7',
  keyword: 'ans_a72770cd-7777-40f1-ad00-4293aa7d1bb3',
  answer: '¿Cuál es el monto que deseas solicitar?',
  options: {
    media: null,
    buttons: [],
    capture: true,
    child: null,
    delay: 0,
    nested: [],
    keyword: {},
    callback: true
  },
  refSerialize: '4ed682f27acde8c7e2c478cdf23e5a87'
}
[databaseClass.save]:  {
  ref: 'ans_87180267-008e-4942-b5df-f26be941aea7',
  keyword: 'ans_a72770cd-7777-40f1-ad00-4293aa7d1bb3',
  answer: '¿Cuál es el monto que deseas solicitar?',
  options: {
    media: null,
    buttons: [],
    capture: true,
    child: null,
    delay: 0,
    nested: [],
    keyword: {},
    callback: true
  },
  refSerialize: '4ed682f27acde8c7e2c478cdf23e5a87'
}
[QUEUE_SE_ENVIO]:  {
  ref: 'ans_87180267-008e-4942-b5df-f26be941aea7',
  keyword: 'ans_a72770cd-7777-40f1-ad00-4293aa7d1bb3',
  answer: '¿Cuál es el monto que deseas solicitar?',
  options: {
    media: null,
    buttons: [],
    capture: true,
    child: null,
    delay: 0,
    nested: [],
    keyword: {},
    callback: true
  },
  refSerialize: '4ed682f27acde8c7e2c478cdf23e5a87'
}
[handleMsg]:  {
  key: {
    remoteJid: '59160793960@s.whatsapp.net',
    fromMe: false,
    id: '422FE9A9AC3D7127D7150278F1447C94',
    participant: undefined
  },
  messageTimestamp: 1694546962,
  pushName: 'Angy Encinas',
  broadcast: false,
  message: Message {
    conversation: '3',
    messageContextInfo: MessageContextInfo {
      deviceListMetadata: [DeviceListMetadata],
      deviceListMetadataVersion: 2
    }
  },
  body: '3',
  from: '59160793960'
}
[sendProviderAndSave]:  {
  ref: '0e534d23-2c0b-431a-8bf3-f1e57093881d',
  keyword: undefined,
  answer: 'Perfecto...',
  options: { media: null, buttons: [], capture: false, delay: 0 },
  from: '59160793960',
  refSerialize: 'a44998803bdaaae2098be5440264f587'
}
[providerClass.sendMessage]:  {
  ref: '0e534d23-2c0b-431a-8bf3-f1e57093881d',
  keyword: undefined,
  answer: 'Perfecto...',
  options: { media: null, buttons: [], capture: false, delay: 0 },
  from: '59160793960',
  refSerialize: 'a44998803bdaaae2098be5440264f587'
}
[databaseClass.save]:  {
  ref: '0e534d23-2c0b-431a-8bf3-f1e57093881d',
  keyword: undefined,
  answer: 'Perfecto...',
  options: { media: null, buttons: [], capture: false, delay: 0 },
  from: '59160793960',
  refSerialize: 'a44998803bdaaae2098be5440264f587'
}
[sendQueue_A]:  {
  ref: 'ans_53989f02-ff12-4bde-ba30-d0e4d2b94690',
  keyword: 'ans_87180267-008e-4942-b5df-f26be941aea7',
  answer: '¿Se encuentra en la ciudad de Cochabamba?',
  options: {
    media: null,
    buttons: [],
    capture: true,
    child: null,
    delay: 0,
    nested: [],
    keyword: {},
    callback: true
  },
  refSerialize: '63fb9d14d4d402b46f81f697f4c5efb5'
}
[sendProviderAndSave]:  {
  ref: 'ans_53989f02-ff12-4bde-ba30-d0e4d2b94690',
  keyword: 'ans_87180267-008e-4942-b5df-f26be941aea7',
  answer: '¿Se encuentra en la ciudad de Cochabamba?',
  options: {
    media: null,
    buttons: [],
    capture: true,
    child: null,
    delay: 0,
    nested: [],
    keyword: {},
    callback: true
  },
  refSerialize: '63fb9d14d4d402b46f81f697f4c5efb5'
}
[providerClass.sendMessage]:  {
  ref: 'ans_53989f02-ff12-4bde-ba30-d0e4d2b94690',
  keyword: 'ans_87180267-008e-4942-b5df-f26be941aea7',
  answer: '¿Se encuentra en la ciudad de Cochabamba?',
  options: {
    media: null,
    buttons: [],
    capture: true,
    child: null,
    delay: 0,
    nested: [],
    keyword: {},
    callback: true
  },
  refSerialize: '63fb9d14d4d402b46f81f697f4c5efb5'
}
[databaseClass.save]:  {
  ref: 'ans_53989f02-ff12-4bde-ba30-d0e4d2b94690',
  keyword: 'ans_87180267-008e-4942-b5df-f26be941aea7',
  answer: '¿Se encuentra en la ciudad de Cochabamba?',
  options: {
    media: null,
    buttons: [],
    capture: true,
    child: null,
    delay: 0,
    nested: [],
    keyword: {},
    callback: true
  },
  refSerialize: '63fb9d14d4d402b46f81f697f4c5efb5'
}
[QUEUE_SE_ENVIO]:  {
  ref: 'ans_53989f02-ff12-4bde-ba30-d0e4d2b94690',
  keyword: 'ans_87180267-008e-4942-b5df-f26be941aea7',
  answer: '¿Se encuentra en la ciudad de Cochabamba?',
  options: {
    media: null,
    buttons: [],
    capture: true,
    child: null,
    delay: 0,
    nested: [],
    keyword: {},
    callback: true
  },
  refSerialize: '63fb9d14d4d402b46f81f697f4c5efb5'
}
[handleMsg]:  {
  key: {
    remoteJid: '59160793960@s.whatsapp.net',
    fromMe: false,
    id: 'D031B8D3A1AD7D4DCDE845586F3C8BAF',
    participant: undefined
  },
  messageTimestamp: 1694546965,
  pushName: 'Angy Encinas',
  broadcast: false,
  message: Message {
    conversation: 'Si',
    messageContextInfo: MessageContextInfo {
      deviceListMetadata: [DeviceListMetadata],
      deviceListMetadataVersion: 2
    }
  },
  body: 'Si',
  from: '59160793960'
}
[sendProviderAndSave]:  {
  ref: '0700fa09-50d8-49f7-81c9-1cadc1797f98',
  keyword: undefined,
  answer: 'Perfecto continuamos..',
  options: { media: null, buttons: [], capture: false, delay: 0 },
  from: '59160793960',
  refSerialize: 'a0801828558446758e9b11ea22587173'
}
[providerClass.sendMessage]:  {
  ref: '0700fa09-50d8-49f7-81c9-1cadc1797f98',
  keyword: undefined,
  answer: 'Perfecto continuamos..',
  options: { media: null, buttons: [], capture: false, delay: 0 },
  from: '59160793960',
  refSerialize: 'a0801828558446758e9b11ea22587173'
}
[databaseClass.save]:  {
  ref: '0700fa09-50d8-49f7-81c9-1cadc1797f98',
  keyword: undefined,
  answer: 'Perfecto continuamos..',
  options: { media: null, buttons: [], capture: false, delay: 0 },
  from: '59160793960',
  refSerialize: 'a0801828558446758e9b11ea22587173'
}
[sendQueue_A]:  {
  ref: 'ans_6fed3143-a3ec-4ac9-9033-81534b02c46e',
  keyword: 'ans_53989f02-ff12-4bde-ba30-d0e4d2b94690',
  answer: 'Nuestro único requisito para acceder al préstamo es contar con una garantía que supere el monto que nos solicitó\n' +
    'Escoja el tipo de garantia con el que cuenta\n' +
    '*1* Para Joyeria\n' +
    '*2* Para eléctronicos y objetos de valor\n' +
    '*3* Para Papeles de motorizado o inmueble',
  options: {
    media: null,
    buttons: [],
    capture: false,
    child: null,
    delay: 0,
    nested: [
      [Object], [Object],
      [Object], [Object],
      [Object], [Object],
      [Object], [Object],
      [Object]
    ],
    keyword: {},
    callback: false
  },
  refSerialize: '8c7751dd0400ff0453ac405214dfa111'
}
[sendProviderAndSave]:  {
  ref: 'ans_6fed3143-a3ec-4ac9-9033-81534b02c46e',
  keyword: 'ans_53989f02-ff12-4bde-ba30-d0e4d2b94690',
  answer: 'Nuestro único requisito para acceder al préstamo es contar con una garantía que supere el monto que nos solicitó\n' +
    'Escoja el tipo de garantia con el que cuenta\n' +
    '*1* Para Joyeria\n' +
    '*2* Para eléctronicos y objetos de valor\n' +
    '*3* Para Papeles de motorizado o inmueble',
  options: {
    media: null,
    buttons: [],
    capture: false,
    child: null,
    delay: 0,
    nested: [
      [Object], [Object],
      [Object], [Object],
      [Object], [Object],
      [Object], [Object],
      [Object]
    ],
    keyword: {},
    callback: false
  },
  refSerialize: '8c7751dd0400ff0453ac405214dfa111'
}
[providerClass.sendMessage]:  {
  ref: 'ans_6fed3143-a3ec-4ac9-9033-81534b02c46e',
  keyword: 'ans_53989f02-ff12-4bde-ba30-d0e4d2b94690',
  answer: 'Nuestro único requisito para acceder al préstamo es contar con una garantía que supere el monto que nos solicitó\n' +
    'Escoja el tipo de garantia con el que cuenta\n' +
    '*1* Para Joyeria\n' +
    '*2* Para eléctronicos y objetos de valor\n' +
    '*3* Para Papeles de motorizado o inmueble',
  options: {
    media: null,
    buttons: [],
    capture: false,
    child: null,
    delay: 0,
    nested: [
      [Object], [Object],
      [Object], [Object],
      [Object], [Object],
      [Object], [Object],
      [Object]
    ],
    keyword: {},
    callback: false
  },
  refSerialize: '8c7751dd0400ff0453ac405214dfa111'
}
[databaseClass.save]:  {
  ref: 'ans_6fed3143-a3ec-4ac9-9033-81534b02c46e',
  keyword: 'ans_53989f02-ff12-4bde-ba30-d0e4d2b94690',
  answer: 'Nuestro único requisito para acceder al préstamo es contar con una garantía que supere el monto que nos solicitó\n' +
    'Escoja el tipo de garantia con el que cuenta\n' +
    '*1* Para Joyeria\n' +
    '*2* Para eléctronicos y objetos de valor\n' +
    '*3* Para Papeles de motorizado o inmueble',
  options: {
    media: null,
    buttons: [],
    capture: false,
    child: null,
    delay: 0,
    nested: [
      [Object], [Object],
      [Object], [Object],
      [Object], [Object],
      [Object], [Object],
      [Object]
    ],
    keyword: {},
    callback: false
  },
  refSerialize: '8c7751dd0400ff0453ac405214dfa111'
}
[QUEUE_SE_ENVIO]:  {
  ref: 'ans_6fed3143-a3ec-4ac9-9033-81534b02c46e',
  keyword: 'ans_53989f02-ff12-4bde-ba30-d0e4d2b94690',
  answer: 'Nuestro único requisito para acceder al préstamo es contar con una garantía que supere el monto que nos solicitó\n' +
    'Escoja el tipo de garantia con el que cuenta\n' +
    '*1* Para Joyeria\n' +
    '*2* Para eléctronicos y objetos de valor\n' +
    '*3* Para Papeles de motorizado o inmueble',
  options: {
    media: null,
    buttons: [],
    capture: false,
    child: null,
    delay: 0,
    nested: [
      [Object], [Object],
      [Object], [Object],
      [Object], [Object],
      [Object], [Object],
      [Object]
    ],
    keyword: {},
    callback: false
  },
  refSerialize: '8c7751dd0400ff0453ac405214dfa111'
}
[handleMsg]:  {
  key: {
    remoteJid: '59160793960@s.whatsapp.net',
    fromMe: false,
    id: '195533C91F565AEA95CE9B4DDECC7086',
    participant: undefined
  },
  messageTimestamp: 1694546969,
  pushName: 'Angy Encinas',
  broadcast: false,
  message: Message {
    conversation: '2',
    messageContextInfo: MessageContextInfo {
      deviceListMetadata: [DeviceListMetadata],
      deviceListMetadataVersion: 2
    }
  },
  body: '2',
  from: '59160793960'
}
[sendQueue_A]:  {
  ref: 'ans_5baac26f-8d81-4eb1-a214-60d4b4387e52',
  keyword: 'key_e32cf1d2-8057-4e39-a05d-dbf1e9864f83',
  answer: 'Perfecto👍🏼,  para poder validar tu garantía necesitamos:\n' +
    '✅Fotos actualizadas del estado actual del electrónico\n' +
    '✅Factura de compra( opcional)\n' +
    '✅ Características, modelo, año (si es un dispositivo electrónico enviar una foto de las especificaciones)',
  options: {
    media: null,
    buttons: [],
    capture: false,
    child: null,
    delay: 0,
    nested: [],
    keyword: {},
    callback: false
  },
  refSerialize: 'fc1afc9329503155023e03988d49c340'
}
[sendProviderAndSave]:  {
  ref: 'ans_5baac26f-8d81-4eb1-a214-60d4b4387e52',
  keyword: 'key_e32cf1d2-8057-4e39-a05d-dbf1e9864f83',
  answer: 'Perfecto👍🏼,  para poder validar tu garantía necesitamos:\n' +
    '✅Fotos actualizadas del estado actual del electrónico\n' +
    '✅Factura de compra( opcional)\n' +
    '✅ Características, modelo, año (si es un dispositivo electrónico enviar una foto de las especificaciones)',
  options: {
    media: null,
    buttons: [],
    capture: false,
    child: null,
    delay: 0,
    nested: [],
    keyword: {},
    callback: false
  },
  refSerialize: 'fc1afc9329503155023e03988d49c340'
}
[providerClass.sendMessage]:  {
  ref: 'ans_5baac26f-8d81-4eb1-a214-60d4b4387e52',
  keyword: 'key_e32cf1d2-8057-4e39-a05d-dbf1e9864f83',
  answer: 'Perfecto👍🏼,  para poder validar tu garantía necesitamos:\n' +
    '✅Fotos actualizadas del estado actual del electrónico\n' +
    '✅Factura de compra( opcional)\n' +
    '✅ Características, modelo, año (si es un dispositivo electrónico enviar una foto de las especificaciones)',
  options: {
    media: null,
    buttons: [],
    capture: false,
    child: null,
    delay: 0,
    nested: [],
    keyword: {},
    callback: false
  },
  refSerialize: 'fc1afc9329503155023e03988d49c340'
}
[databaseClass.save]:  {
  ref: 'ans_5baac26f-8d81-4eb1-a214-60d4b4387e52',
  keyword: 'key_e32cf1d2-8057-4e39-a05d-dbf1e9864f83',
  answer: 'Perfecto👍🏼,  para poder validar tu garantía necesitamos:\n' +
    '✅Fotos actualizadas del estado actual del electrónico\n' +
    '✅Factura de compra( opcional)\n' +
    '✅ Características, modelo, año (si es un dispositivo electrónico enviar una foto de las especificaciones)',
  options: {
    media: null,
    buttons: [],
    capture: false,
    child: null,
    delay: 0,
    nested: [],
    keyword: {},
    callback: false
  },
  refSerialize: 'fc1afc9329503155023e03988d49c340'
}
[QUEUE_SE_ENVIO]:  {
  ref: 'ans_5baac26f-8d81-4eb1-a214-60d4b4387e52',
  keyword: 'key_e32cf1d2-8057-4e39-a05d-dbf1e9864f83',
  answer: 'Perfecto👍🏼,  para poder validar tu garantía necesitamos:\n' +
    '✅Fotos actualizadas del estado actual del electrónico\n' +
    '✅Factura de compra( opcional)\n' +
    '✅ Características, modelo, año (si es un dispositivo electrónico enviar una foto de las especificaciones)',
  options: {
    media: null,
    buttons: [],
    capture: false,
    child: null,
    delay: 0,
    nested: [],
    keyword: {},
    callback: false
  },
  refSerialize: 'fc1afc9329503155023e03988d49c340'
}
[sendQueue_A]:  {
  ref: 'ans_c31932ce-c8a4-41bc-bfd6-8078fceeb550',
  keyword: 'ans_5baac26f-8d81-4eb1-a214-60d4b4387e52',
  answer: 'Una vez enviadas las fotos y datos que te solicitamos te haremos llegar una tabla con la/las cuotas de pago con información exacta del interés por el préstamo',
  options: {
    media: null,
    buttons: [],
    capture: false,
    child: null,
    delay: 0,
    nested: [],
    keyword: {},
    callback: false
  },
  refSerialize: '0fd8104bba3bfd07c9733dd126788ff8'
}
[sendProviderAndSave]:  {
  ref: 'ans_c31932ce-c8a4-41bc-bfd6-8078fceeb550',
  keyword: 'ans_5baac26f-8d81-4eb1-a214-60d4b4387e52',
  answer: 'Una vez enviadas las fotos y datos que te solicitamos te haremos llegar una tabla con la/las cuotas de pago con información exacta del interés por el préstamo',
  options: {
    media: null,
    buttons: [],
    capture: false,
    child: null,
    delay: 0,
    nested: [],
    keyword: {},
    callback: false
  },
  refSerialize: '0fd8104bba3bfd07c9733dd126788ff8'
}
[providerClass.sendMessage]:  {
  ref: 'ans_c31932ce-c8a4-41bc-bfd6-8078fceeb550',
  keyword: 'ans_5baac26f-8d81-4eb1-a214-60d4b4387e52',
  answer: 'Una vez enviadas las fotos y datos que te solicitamos te haremos llegar una tabla con la/las cuotas de pago con información exacta del interés por el préstamo',
  options: {
    media: null,
    buttons: [],
    capture: false,
    child: null,
    delay: 0,
    nested: [],
    keyword: {},
    callback: false
  },
  refSerialize: '0fd8104bba3bfd07c9733dd126788ff8'
}
[databaseClass.save]:  {
  ref: 'ans_c31932ce-c8a4-41bc-bfd6-8078fceeb550',
  keyword: 'ans_5baac26f-8d81-4eb1-a214-60d4b4387e52',
  answer: 'Una vez enviadas las fotos y datos que te solicitamos te haremos llegar una tabla con la/las cuotas de pago con información exacta del interés por el préstamo',
  options: {
    media: null,
    buttons: [],
    capture: false,
    child: null,
    delay: 0,
    nested: [],
    keyword: {},
    callback: false
  },
  refSerialize: '0fd8104bba3bfd07c9733dd126788ff8'
}
[QUEUE_SE_ENVIO]:  {
  ref: 'ans_c31932ce-c8a4-41bc-bfd6-8078fceeb550',
  keyword: 'ans_5baac26f-8d81-4eb1-a214-60d4b4387e52',
  answer: 'Una vez enviadas las fotos y datos que te solicitamos te haremos llegar una tabla con la/las cuotas de pago con información exacta del interés por el préstamo',
  options: {
    media: null,
    buttons: [],
    capture: false,
    child: null,
    delay: 0,
    nested: [],
    keyword: {},
    callback: false
  },
  refSerialize: '0fd8104bba3bfd07c9733dd126788ff8'
}
